<?xml version="1.0" encoding="UTF-8"?>
<!-- Generated by org.testng.reporters.JUnitReportReporter -->
<testsuite skipped="0" hostname="OJAS-DD254" name="TestScrepts.Tc_001" tests="1" failures="0" timestamp="2021-04-02T16:16:07 IST" time="0.021" errors="0">
  <testcase name="test" time="0.021" classname="TestScrepts.Tc_001"/>
  <system-out/>
</testsuite> <!-- TestScrepts.Tc_001 -->
